

================================================================
== Vitis HLS Report for 'SHA256'
================================================================
* Date:           Sat Apr 23 18:59:43 2022

* Version:        2020.2 (Build 3064766 on Wed Nov 18 09:12:45 MST 2020)
* Project:        SHA256
* Solution:       solution1 (Vivado IP Flow Target)
* Product family: artix7
* Target device:  xc7a100t-csg324-1


================================================================
== Performance Estimates
================================================================
+ Timing: 
    * Summary: 
    +--------+----------+----------+------------+
    |  Clock |  Target  | Estimated| Uncertainty|
    +--------+----------+----------+------------+
    |ap_clk  |  10.00 ns|  6.648 ns|     2.70 ns|
    +--------+----------+----------+------------+

+ Latency: 
    * Summary: 
    +---------+---------+----------+----------+-----+-----+---------+
    |  Latency (cycles) |  Latency (absolute) |  Interval | Pipeline|
    |   min   |   max   |    min   |    max   | min | max |   Type  |
    +---------+---------+----------+----------+-----+-----+---------+
    |        ?|        ?|         ?|         ?|    ?|    ?|     none|
    +---------+---------+----------+----------+-----+-----+---------+

    + Detail: 
        * Instance: 
        +---------------------+----------+---------+---------+----------+----------+-----+-----+---------+
        |                     |          |  Latency (cycles) |  Latency (absolute) |  Interval | Pipeline|
        |       Instance      |  Module  |   min   |   max   |    min   |    max   | min | max |   Type  |
        +---------------------+----------+---------+---------+----------+----------+-----+-----+---------+
        |grp_hexToBin_fu_411  |hexToBin  |        ?|        ?|         ?|         ?|    ?|    ?|     none|
        |grp_hexToBin_fu_453  |hexToBin  |        ?|        ?|         ?|         ?|    ?|    ?|     none|
        |grp_hexToBin_fu_494  |hexToBin  |        ?|        ?|         ?|         ?|    ?|    ?|     none|
        |grp_hexToBin_fu_535  |hexToBin  |        ?|        ?|         ?|         ?|    ?|    ?|     none|
        |grp_hexToBin_fu_576  |hexToBin  |        ?|        ?|         ?|         ?|    ?|    ?|     none|
        |grp_hexToBin_fu_617  |hexToBin  |        ?|        ?|         ?|         ?|    ?|    ?|     none|
        |grp_hexToBin_fu_658  |hexToBin  |        ?|        ?|         ?|         ?|    ?|    ?|     none|
        |grp_hexToBin_fu_699  |hexToBin  |        ?|        ?|         ?|         ?|    ?|    ?|     none|
        +---------------------+----------+---------+---------+----------+----------+-----+-----+---------+

        * Loop: 
        +--------------------+---------+---------+----------+-----------+-----------+------+----------+
        |                    |  Latency (cycles) | Iteration|  Initiation Interval  | Trip |          |
        |      Loop Name     |   min   |   max   |  Latency |  achieved |   target  | Count| Pipelined|
        +--------------------+---------+---------+----------+-----------+-----------+------+----------+
        |- VITIS_LOOP_441_1  |       34|       34|         2|          1|          1|    34|       yes|
        |- Loop 2            |       12|       12|         1|          1|          1|    12|       yes|
        |- Loop 3            |       12|       12|         1|          1|          1|    12|       yes|
        |- Loop 4            |       12|       12|         1|          1|          1|    12|       yes|
        |- Loop 5            |       12|       12|         1|          1|          1|    12|       yes|
        |- Loop 6            |       12|       12|         1|          1|          1|    12|       yes|
        |- Loop 7            |       12|       12|         1|          1|          1|    12|       yes|
        |- Loop 8            |       12|       12|         1|          1|          1|    12|       yes|
        |- Loop 9            |       12|       12|         1|          1|          1|    12|       yes|
        |- VITIS_LOOP_441_1  |        ?|        ?|         3|          2|          1|     ?|       yes|
        +--------------------+---------+---------+----------+-----------+-----------+------+----------+



================================================================
== Utilization Estimates
================================================================
* Summary: 
+-----------------+---------+-----+--------+-------+-----+
|       Name      | BRAM_18K| DSP |   FF   |  LUT  | URAM|
+-----------------+---------+-----+--------+-------+-----+
|DSP              |        -|    -|       -|      -|    -|
|Expression       |        -|    -|       0|    291|    -|
|FIFO             |        -|    -|       -|      -|    -|
|Instance         |        0|    -|    4000|   7048|    -|
|Memory           |        0|    -|     184|     37|    -|
|Multiplexer      |        -|    -|       -|    771|    -|
|Register         |        -|    -|     212|      -|    -|
+-----------------+---------+-----+--------+-------+-----+
|Total            |        0|    0|    4396|   8147|    0|
+-----------------+---------+-----+--------+-------+-----+
|Available        |      270|  240|  126800|  63400|    0|
+-----------------+---------+-----+--------+-------+-----+
|Utilization (%)  |        0|    0|       3|     12|    0|
+-----------------+---------+-----+--------+-------+-----+

+ Detail: 
    * Instance: 
    +---------------------+-------------+---------+----+-----+-----+-----+
    |       Instance      |    Module   | BRAM_18K| DSP|  FF | LUT | URAM|
    +---------------------+-------------+---------+----+-----+-----+-----+
    |CRTLS_s_axi_U        |CRTLS_s_axi  |        0|   0|  128|  200|    0|
    |grp_hexToBin_fu_411  |hexToBin     |        0|   0|  484|  856|    0|
    |grp_hexToBin_fu_453  |hexToBin     |        0|   0|  484|  856|    0|
    |grp_hexToBin_fu_494  |hexToBin     |        0|   0|  484|  856|    0|
    |grp_hexToBin_fu_535  |hexToBin     |        0|   0|  484|  856|    0|
    |grp_hexToBin_fu_576  |hexToBin     |        0|   0|  484|  856|    0|
    |grp_hexToBin_fu_617  |hexToBin     |        0|   0|  484|  856|    0|
    |grp_hexToBin_fu_658  |hexToBin     |        0|   0|  484|  856|    0|
    |grp_hexToBin_fu_699  |hexToBin     |        0|   0|  484|  856|    0|
    +---------------------+-------------+---------+----+-----+-----+-----+
    |Total                |             |        0|   0| 4000| 7048|    0|
    +---------------------+-------------+---------+----+-----+-----+-----+

    * DSP: 
    N/A

    * Memory: 
    +-----------+---------+---------+----+----+-----+------+-----+------+-------------+
    |   Memory  |  Module | BRAM_18K| FF | LUT| URAM| Words| Bits| Banks| W*Bits*Banks|
    +-----------+---------+---------+----+----+-----+------+-----+------+-------------+
    |h0_U       |h0       |        0|  14|   2|    0|    12|    7|     1|           84|
    |h1_U       |h0       |        0|  14|   2|    0|    12|    7|     1|           84|
    |h2_U       |h0       |        0|  14|   2|    0|    12|    7|     1|           84|
    |h3_U       |h0       |        0|  14|   2|    0|    12|    7|     1|           84|
    |h4_U       |h0       |        0|  14|   2|    0|    12|    7|     1|           84|
    |h5_U       |h0       |        0|  14|   2|    0|    12|    7|     1|           84|
    |h6_U       |h0       |        0|  14|   2|    0|    12|    7|     1|           84|
    |h7_U       |h0       |        0|  14|   2|    0|    12|    7|     1|           84|
    |p_str_U    |p_str    |        0|   8|   2|    0|    11|    8|     1|           88|
    |p_str_1_U  |p_str_1  |        0|   8|   2|    0|    11|    8|     1|           88|
    |p_str_2_U  |p_str_2  |        0|   8|   2|    0|    11|    8|     1|           88|
    |p_str_3_U  |p_str_3  |        0|   8|   2|    0|    11|    8|     1|           88|
    |p_str_4_U  |p_str_4  |        0|   8|   2|    0|    11|    8|     1|           88|
    |p_str_5_U  |p_str_5  |        0|   8|   2|    0|    11|    8|     1|           88|
    |p_str_6_U  |p_str_6  |        0|   8|   2|    0|    11|    8|     1|           88|
    |p_str_7_U  |p_str_7  |        0|   8|   2|    0|    11|    8|     1|           88|
    |p_str_8_U  |p_str_8  |        0|   8|   5|    0|    35|    8|     1|          280|
    +-----------+---------+---------+----+----+-----+------+-----+------+-------------+
    |Total      |         |        0| 184|  37|    0|   219|  128|    17|         1656|
    +-----------+---------+---------+----+----+-----+------+-----+------+-------------+

    * FIFO: 
    N/A

    * Expression: 
    +----------------------------------+----------+----+---+----+------------+------------+
    |           Variable Name          | Operation| DSP| FF| LUT| Bitwidth P0| Bitwidth P1|
    +----------------------------------+----------+----+---+----+------------+------------+
    |add_ln443_1_fu_893_p2             |         +|   0|  0|  71|          64|           1|
    |add_ln443_fu_740_p2               |         +|   0|  0|  14|           6|           1|
    |empty_17_fu_757_p2                |         +|   0|  0|  13|           4|           1|
    |empty_20_fu_774_p2                |         +|   0|  0|  13|           4|           1|
    |empty_23_fu_791_p2                |         +|   0|  0|  13|           4|           1|
    |empty_26_fu_808_p2                |         +|   0|  0|  13|           4|           1|
    |empty_29_fu_825_p2                |         +|   0|  0|  13|           4|           1|
    |empty_32_fu_842_p2                |         +|   0|  0|  13|           4|           1|
    |empty_35_fu_859_p2                |         +|   0|  0|  13|           4|           1|
    |empty_38_fu_876_p2                |         +|   0|  0|  13|           4|           1|
    |exitcond172_fu_865_p2             |      icmp|   0|  0|   9|           4|           4|
    |exitcond183_fu_848_p2             |      icmp|   0|  0|   9|           4|           4|
    |exitcond194_fu_831_p2             |      icmp|   0|  0|   9|           4|           4|
    |exitcond1_fu_882_p2               |      icmp|   0|  0|   9|           4|           4|
    |exitcond205_fu_814_p2             |      icmp|   0|  0|   9|           4|           4|
    |exitcond216_fu_797_p2             |      icmp|   0|  0|   9|           4|           4|
    |exitcond227_fu_780_p2             |      icmp|   0|  0|   9|           4|           4|
    |exitcond238_fu_763_p2             |      icmp|   0|  0|   9|           4|           4|
    |icmp_ln441_1_fu_899_p2            |      icmp|   0|  0|  10|           7|           1|
    |icmp_ln441_fu_746_p2              |      icmp|   0|  0|  10|           6|           6|
    |ap_block_state23_on_subcall_done  |        or|   0|  0|   2|           1|           1|
    |ap_enable_pp0                     |       xor|   0|  0|   2|           1|           2|
    |ap_enable_pp9                     |       xor|   0|  0|   2|           1|           2|
    |ap_enable_reg_pp0_iter1           |       xor|   0|  0|   2|           2|           1|
    |ap_enable_reg_pp9_iter1           |       xor|   0|  0|   2|           2|           1|
    +----------------------------------+----------+----+---+----+------------+------------+
    |Total                             |          |   0|  0| 291|         154|          56|
    +----------------------------------+----------+----+---+----+------------+------------+

    * Multiplexer: 
    +---------------------------------+-----+-----------+-----+-----------+
    |               Name              | LUT | Input Size| Bits| Total Bits|
    +---------------------------------+-----+-----------+-----+-----------+
    |ap_NS_fsm                        |  127|         26|    1|         26|
    |ap_enable_reg_pp0_iter1          |   13|          3|    1|          3|
    |ap_enable_reg_pp9_iter1          |   13|          3|    1|          3|
    |ap_phi_mux_i_3_phi_fu_403_p4     |    9|          2|   64|        128|
    |empty_16_reg_311                 |    9|          2|    4|          8|
    |empty_19_reg_322                 |    9|          2|    4|          8|
    |empty_22_reg_333                 |    9|          2|    4|          8|
    |empty_25_reg_344                 |    9|          2|    4|          8|
    |empty_28_reg_355                 |    9|          2|    4|          8|
    |empty_31_reg_366                 |    9|          2|    4|          8|
    |empty_34_reg_377                 |    9|          2|    4|          8|
    |empty_37_reg_388                 |    9|          2|    4|          8|
    |grp_hexToBin_fu_411_bits_q0      |   13|          3|    7|         21|
    |grp_hexToBin_fu_411_string_r_q0  |   13|          3|    8|         24|
    |h0_address0                      |   21|          5|    4|         20|
    |h0_ce0                           |   17|          4|    1|          4|
    |h0_d0                            |   17|          4|    7|         28|
    |h0_we0                           |   17|          4|    1|          4|
    |h1_address0                      |   13|          3|    4|         12|
    |h1_ce0                           |   13|          3|    1|          3|
    |h1_d0                            |   13|          3|    7|         21|
    |h1_we0                           |   13|          3|    1|          3|
    |h2_address0                      |   13|          3|    4|         12|
    |h2_ce0                           |   13|          3|    1|          3|
    |h2_d0                            |   13|          3|    7|         21|
    |h2_we0                           |   13|          3|    1|          3|
    |h3_address0                      |   13|          3|    4|         12|
    |h3_ce0                           |   13|          3|    1|          3|
    |h3_d0                            |   13|          3|    7|         21|
    |h3_we0                           |   13|          3|    1|          3|
    |h4_address0                      |   13|          3|    4|         12|
    |h4_ce0                           |   13|          3|    1|          3|
    |h4_d0                            |   13|          3|    7|         21|
    |h4_we0                           |   13|          3|    1|          3|
    |h5_address0                      |   13|          3|    4|         12|
    |h5_ce0                           |   13|          3|    1|          3|
    |h5_d0                            |   13|          3|    7|         21|
    |h5_we0                           |   13|          3|    1|          3|
    |h6_address0                      |   13|          3|    4|         12|
    |h6_ce0                           |   13|          3|    1|          3|
    |h6_d0                            |   13|          3|    7|         21|
    |h6_we0                           |   13|          3|    1|          3|
    |h7_address0                      |   13|          3|    4|         12|
    |h7_ce0                           |   13|          3|    1|          3|
    |h7_d0                            |   13|          3|    7|         21|
    |h7_we0                           |   13|          3|    1|          3|
    |hash                             |   13|          3|    8|         24|
    |i_3_reg_399                      |    9|          2|   64|        128|
    |i_reg_300                        |    9|          2|    6|         12|
    |p_str_1_ce0                      |    9|          2|    1|          2|
    |p_str_4_address0                 |   13|          3|    4|         12|
    |p_str_4_ce0                      |   13|          3|    1|          3|
    |p_str_ce0                        |    9|          2|    1|          2|
    +---------------------------------+-----+-----------+-----+-----------+
    |Total                            |  771|        174|  303|        781|
    +---------------------------------+-----+-----------+-----+-----------+

    * Register: 
    +----------------------------------+----+----+-----+-----------+
    |               Name               | FF | LUT| Bits| Const Bits|
    +----------------------------------+----+----+-----+-----------+
    |add_ln443_1_reg_987               |  64|   0|   64|          0|
    |ap_CS_fsm                         |  25|   0|   25|          0|
    |ap_enable_reg_pp0_iter0           |   1|   0|    1|          0|
    |ap_enable_reg_pp0_iter1           |   1|   0|    1|          0|
    |ap_enable_reg_pp9_iter0           |   1|   0|    1|          0|
    |ap_enable_reg_pp9_iter1           |   1|   0|    1|          0|
    |empty_16_reg_311                  |   4|   0|    4|          0|
    |empty_19_reg_322                  |   4|   0|    4|          0|
    |empty_22_reg_333                  |   4|   0|    4|          0|
    |empty_25_reg_344                  |   4|   0|    4|          0|
    |empty_28_reg_355                  |   4|   0|    4|          0|
    |empty_31_reg_366                  |   4|   0|    4|          0|
    |empty_34_reg_377                  |   4|   0|    4|          0|
    |empty_37_reg_388                  |   4|   0|    4|          0|
    |grp_hexToBin_fu_411_ap_start_reg  |   1|   0|    1|          0|
    |grp_hexToBin_fu_453_ap_start_reg  |   1|   0|    1|          0|
    |grp_hexToBin_fu_494_ap_start_reg  |   1|   0|    1|          0|
    |grp_hexToBin_fu_535_ap_start_reg  |   1|   0|    1|          0|
    |grp_hexToBin_fu_576_ap_start_reg  |   1|   0|    1|          0|
    |grp_hexToBin_fu_617_ap_start_reg  |   1|   0|    1|          0|
    |grp_hexToBin_fu_658_ap_start_reg  |   1|   0|    1|          0|
    |grp_hexToBin_fu_699_ap_start_reg  |   1|   0|    1|          0|
    |h0_load_reg_997                   |   7|   0|    7|          0|
    |i_3_reg_399                       |  64|   0|   64|          0|
    |i_reg_300                         |   6|   0|    6|          0|
    |icmp_ln441_1_reg_1002             |   1|   0|    1|          0|
    |icmp_ln441_reg_914                |   1|   0|    1|          0|
    +----------------------------------+----+----+-----+-----------+
    |Total                             | 212|   0|  212|          0|
    +----------------------------------+----+----+-----+-----------+



================================================================
== Interface
================================================================
* Summary: 
+---------------------+-----+-----+------------+--------------+--------------+
|      RTL Ports      | Dir | Bits|  Protocol  | Source Object|    C Type    |
+---------------------+-----+-----+------------+--------------+--------------+
|s_axi_CRTLS_AWVALID  |   in|    1|       s_axi|         CRTLS|       pointer|
|s_axi_CRTLS_AWREADY  |  out|    1|       s_axi|         CRTLS|       pointer|
|s_axi_CRTLS_AWADDR   |   in|    6|       s_axi|         CRTLS|       pointer|
|s_axi_CRTLS_WVALID   |   in|    1|       s_axi|         CRTLS|       pointer|
|s_axi_CRTLS_WREADY   |  out|    1|       s_axi|         CRTLS|       pointer|
|s_axi_CRTLS_WDATA    |   in|   32|       s_axi|         CRTLS|       pointer|
|s_axi_CRTLS_WSTRB    |   in|    4|       s_axi|         CRTLS|       pointer|
|s_axi_CRTLS_ARVALID  |   in|    1|       s_axi|         CRTLS|       pointer|
|s_axi_CRTLS_ARREADY  |  out|    1|       s_axi|         CRTLS|       pointer|
|s_axi_CRTLS_ARADDR   |   in|    6|       s_axi|         CRTLS|       pointer|
|s_axi_CRTLS_RVALID   |  out|    1|       s_axi|         CRTLS|       pointer|
|s_axi_CRTLS_RREADY   |   in|    1|       s_axi|         CRTLS|       pointer|
|s_axi_CRTLS_RDATA    |  out|   32|       s_axi|         CRTLS|       pointer|
|s_axi_CRTLS_RRESP    |  out|    2|       s_axi|         CRTLS|       pointer|
|s_axi_CRTLS_BVALID   |  out|    1|       s_axi|         CRTLS|       pointer|
|s_axi_CRTLS_BREADY   |   in|    1|       s_axi|         CRTLS|       pointer|
|s_axi_CRTLS_BRESP    |  out|    2|       s_axi|         CRTLS|       pointer|
|ap_clk               |   in|    1|  ap_ctrl_hs|        SHA256|  return value|
|ap_rst_n             |   in|    1|  ap_ctrl_hs|        SHA256|  return value|
|interrupt            |  out|    1|  ap_ctrl_hs|        SHA256|  return value|
+---------------------+-----+-----+------------+--------------+--------------+

